# JRE version: Java(TM) SE Runtime Environment (8.0_25-b18) (build 1.8.0_25-b18)
# Java VM: Java HotSpot(TM) 64-Bit Server VM (25.25-b02 mixed mode windows-amd64 compressed oops)
Heap:
 PSYoungGen      total 113152K, used 10379K [0x00000000d6d00000, 0x00000000df000000, 0x0000000100000000)
  eden space 99328K, 10% used [0x00000000d6d00000,0x00000000d7722ff0,0x00000000dce00000)
  from space 13824K, 0% used [0x00000000de280000,0x00000000de280000,0x00000000df000000)
  to   space 17408K, 0% used [0x00000000dce00000,0x00000000dce00000,0x00000000ddf00000)
 ParOldGen       total 90624K, used 19419K [0x0000000084600000, 0x0000000089e80000, 0x00000000d6d00000)
  object space 90624K, 21% used [0x0000000084600000,0x00000000858f6f68,0x0000000089e80000)
 Metaspace       used 33967K, capacity 35568K, committed 35752K, reserved 1079296K
  class space    used 4724K, capacity 5002K, committed 5120K, reserved 1048576K
GC Heap History (10 events):
Event: 2.155 GC heap before
{Heap before GC invocations=4 (full 0):
 PSYoungGen      total 36864K, used 36203K [0x00000000d6d00000, 0x00000000db500000, 0x0000000100000000)
  eden space 31744K, 97% used [0x00000000d6d00000,0x00000000d8b60db0,0x00000000d8c00000)
  from space 5120K, 99% used [0x00000000d8c00000,0x00000000d90fa018,0x00000000d9100000)
  to   space 5120K, 0% used [0x00000000db000000,0x00000000db000000,0x00000000db500000)
 ParOldGen       total 84992K, used 15700K [0x0000000084600000, 0x0000000089900000, 0x00000000d6d00000)
  object space 84992K, 18% used [0x0000000084600000,0x0000000085555310,0x0000000089900000)
 Metaspace       used 20826K, capacity 21146K, committed 21296K, reserved 1069056K
  class space    used 2547K, capacity 2640K, committed 2688K, reserved 1048576K
Event: 2.165 GC heap after
Heap after GC invocations=4 (full 0):
 PSYoungGen      total 68608K, used 5107K [0x00000000d6d00000, 0x00000000db500000, 0x0000000100000000)
  eden space 63488K, 0% used [0x00000000d6d00000,0x00000000d6d00000,0x00000000dab00000)
  from space 5120K, 99% used [0x00000000db000000,0x00000000db4fceb0,0x00000000db500000)
  to   space 5120K, 0% used [0x00000000dab00000,0x00000000dab00000,0x00000000db000000)
 ParOldGen       total 84992K, used 25741K [0x0000000084600000, 0x0000000089900000, 0x00000000d6d00000)
  object space 84992K, 30% used [0x0000000084600000,0x0000000085f23770,0x0000000089900000)
 Metaspace       used 20826K, capacity 21146K, committed 21296K, reserved 1069056K
  class space    used 2547K, capacity 2640K, committed 2688K, reserved 1048576K
}
Event: 2.165 GC heap before
{Heap before GC invocations=5 (full 1):
 PSYoungGen      total 68608K, used 5107K [0x00000000d6d00000, 0x00000000db500000, 0x0000000100000000)
  eden space 63488K, 0% used [0x00000000d6d00000,0x00000000d6d00000,0x00000000dab00000)
  from space 5120K, 99% used [0x00000000db000000,0x00000000db4fceb0,0x00000000db500000)
  to   space 5120K, 0% used [0x00000000dab00000,0x00000000dab00000,0x00000000db000000)
 ParOldGen       total 84992K, used 25741K [0x0000000084600000, 0x0000000089900000, 0x00000000d6d00000)
  object space 84992K, 30% used [0x0000000084600000,0x0000000085f23770,0x0000000089900000)
 Metaspace       used 20826K, capacity 21146K, committed 21296K, reserved 1069056K
  class space    used 2547K, capacity 2640K, committed 2688K, reserved 1048576K
Event: 2.200 GC heap after
Heap after GC invocations=5 (full 1):
 PSYoungGen      total 68608K, used 0K [0x00000000d6d00000, 0x00000000db500000, 0x0000000100000000)
  eden space 63488K, 0% used [0x00000000d6d00000,0x00000000d6d00000,0x00000000dab00000)
  from space 5120K, 0% used [0x00000000db000000,0x00000000db000000,0x00000000db500000)
  to   space 5120K, 0% used [0x00000000dab00000,0x00000000dab00000,0x00000000db000000)
 ParOldGen       total 71680K, used 14763K [0x0000000084600000, 0x0000000088c00000, 0x00000000d6d00000)
  object space 71680K, 20% used [0x0000000084600000,0x000000008546af18,0x0000000088c00000)
 Metaspace       used 20825K, capacity 21144K, committed 21296K, reserved 1069056K
  class space    used 2546K, capacity 2639K, committed 2688K, reserved 1048576K
}
Event: 11.164 GC heap before
{Heap before GC invocations=6 (full 1):
 PSYoungGen      total 68608K, used 63488K [0x00000000d6d00000, 0x00000000db500000, 0x0000000100000000)
  eden space 63488K, 100% used [0x00000000d6d00000,0x00000000dab00000,0x00000000dab00000)
  from space 5120K, 0% used [0x00000000db000000,0x00000000db000000,0x00000000db500000)
  to   space 5120K, 0% used [0x00000000dab00000,0x00000000dab00000,0x00000000db000000)
 ParOldGen       total 71680K, used 14763K [0x0000000084600000, 0x0000000088c00000, 0x00000000d6d00000)
  object space 71680K, 20% used [0x0000000084600000,0x000000008546af18,0x0000000088c00000)
 Metaspace       used 33046K, capacity 34528K, committed 34688K, reserved 1079296K
  class space    used 4647K, capacity 4914K, committed 4992K, reserved 1048576K
Event: 11.177 GC heap after
Heap after GC invocations=6 (full 1):
 PSYoungGen      total 68608K, used 5088K [0x00000000d6d00000, 0x00000000df400000, 0x0000000100000000)
  eden space 63488K, 0% used [0x00000000d6d00000,0x00000000d6d00000,0x00000000dab00000)
  from space 5120K, 99% used [0x00000000dab00000,0x00000000daff8020,0x00000000db000000)
  to   space 17920K, 0% used [0x00000000de280000,0x00000000de280000,0x00000000df400000)
 ParOldGen       total 71680K, used 20040K [0x0000000084600000, 0x0000000088c00000, 0x00000000d6d00000)
  object space 71680K, 27% used [0x0000000084600000,0x0000000085992040,0x0000000088c00000)
 Metaspace       used 33046K, capacity 34528K, committed 34688K, reserved 1079296K
  class space    used 4647K, capacity 4914K, committed 4992K, reserved 1048576K
}
Event: 12.690 GC heap before
{Heap before GC invocations=7 (full 1):
 PSYoungGen      total 68608K, used 21756K [0x00000000d6d00000, 0x00000000df400000, 0x0000000100000000)
  eden space 63488K, 26% used [0x00000000d6d00000,0x00000000d7d47008,0x00000000dab00000)
  from space 5120K, 99% used [0x00000000dab00000,0x00000000daff8020,0x00000000db000000)
  to   space 17920K, 0% used [0x00000000de280000,0x00000000de280000,0x00000000df400000)
 ParOldGen       total 71680K, used 20040K [0x0000000084600000, 0x0000000088c00000, 0x00000000d6d00000)
  object space 71680K, 27% used [0x0000000084600000,0x0000000085992040,0x0000000088c00000)
 Metaspace       used 33799K, capacity 35372K, committed 35496K, reserved 1079296K
  class space    used 4722K, capacity 5002K, committed 5120K, reserved 1048576K
Event: 12.700 GC heap after
Heap after GC invocations=7 (full 1):
 PSYoungGen      total 113152K, used 9712K [0x00000000d6d00000, 0x00000000df000000, 0x0000000100000000)
  eden space 99328K, 0% used [0x00000000d6d00000,0x00000000d6d00000,0x00000000dce00000)
  from space 13824K, 70% used [0x00000000de280000,0x00000000debfc030,0x00000000df000000)
  to   space 17408K, 0% used [0x00000000dce00000,0x00000000dce00000,0x00000000ddf00000)
 ParOldGen       total 71680K, used 20040K [0x0000000084600000, 0x0000000088c00000, 0x00000000d6d00000)
  object space 71680K, 27% used [0x0000000084600000,0x0000000085992040,0x0000000088c00000)
 Metaspace       used 33799K, capacity 35372K, committed 35496K, reserved 1079296K
  class space    used 4722K, capacity 5002K, committed 5120K, reserved 1048576K
}
Event: 12.700 GC heap before
{Heap before GC invocations=8 (full 2):
 PSYoungGen      total 113152K, used 9712K [0x00000000d6d00000, 0x00000000df000000, 0x0000000100000000)
  eden space 99328K, 0% used [0x00000000d6d00000,0x00000000d6d00000,0x00000000dce00000)
  from space 13824K, 70% used [0x00000000de280000,0x00000000debfc030,0x00000000df000000)
  to   space 17408K, 0% used [0x00000000dce00000,0x00000000dce00000,0x00000000ddf00000)
 ParOldGen       total 71680K, used 20040K [0x0000000084600000, 0x0000000088c00000, 0x00000000d6d00000)
  object space 71680K, 27% used [0x0000000084600000,0x0000000085992040,0x0000000088c00000)
 Metaspace       used 33799K, capacity 35372K, committed 35496K, reserved 1079296K
  class space    used 4722K, capacity 5002K, committed 5120K, reserved 1048576K
Event: 12.806 GC heap after
Heap after GC invocations=8 (full 2):
 PSYoungGen      total 113152K, used 0K [0x00000000d6d00000, 0x00000000df000000, 0x0000000100000000)
  eden space 99328K, 0% used [0x00000000d6d00000,0x00000000d6d00000,0x00000000dce00000)
  from space 13824K, 0% used [0x00000000de280000,0x00000000de280000,0x00000000df000000)
  to   space 17408K, 0% used [0x00000000dce00000,0x00000000dce00000,0x00000000ddf00000)
 ParOldGen       total 90624K, used 19419K [0x0000000084600000, 0x0000000089e80000, 0x00000000d6d00000)
  object space 90624K, 21% used [0x0000000084600000,0x00000000858f6f68,0x0000000089e80000)
 Metaspace       used 33799K, capacity 35372K, committed 35496K, reserved 1079296K
  class space    used 4722K, capacity 5002K, committed 5120K, reserved 1048576K
}

